[18-Dec-2019 15:40:35 UTC] PHP Notice:  Trying to get property of non-object in /home/.sites/123/site2589172/web/testPage/wp-content/themes/robolist-lite/job_manager/job-preview.php on line 284
[18-Dec-2019 15:40:36 UTC] PHP Warning:  printf(): Too few arguments in /home/.sites/123/site2589172/web/testPage/wp-content/plugins/ultimate-member/includes/admin/core/class-admin-notices.php on line 498
[18-Dec-2019 15:40:55 UTC] PHP Notice:  Undefined index: job_description in /home/.sites/123/site2589172/web/testPage/wp-content/plugins/wp-job-manager/includes/forms/class-wp-job-manager-form-submit-job.php on line 676
[18-Dec-2019 15:40:55 UTC] WordPress-Datenbank-Fehler Column 'post_content' cannot be null für Abfrage INSERT INTO `wp_posts` (`post_author`, `post_date`, `post_date_gmt`, `post_content`, `post_content_filtered`, `post_title`, `post_excerpt`, `post_status`, `post_type`, `comment_status`, `ping_status`, `post_password`, `post_name`, `to_ping`, `pinged`, `post_modified`, `post_modified_gmt`, `post_parent`, `menu_order`, `post_mime_type`, `guid`) VALUES (1, '2019-12-18 16:40:55', '2019-12-18 15:40:55', NULL, '', 'Moj testni', '', 'preview', 'job_listing', 'closed', 'closed', '', '3-moj-testni-2', '', '', '2019-12-18 16:40:55', '2019-12-18 15:40:55', 0, 0, '', '') von require('wp-blog-header.php'), wp, WP->main, do_action_ref_array('wp'), WP_Hook->do_action, WP_Hook->apply_filters, call_user_func_array, WP_Job_Manager_Form->process, call_user_func, WP_Job_Manager_Form_Submit_Job->submit_handler, WP_Job_Manager_Form_Submit_Job->save_job, wp_insert_post
[18-Dec-2019 15:40:58 UTC] PHP Warning:  printf(): Too few arguments in /home/.sites/123/site2589172/web/testPage/wp-content/plugins/ultimate-member/includes/admin/core/class-admin-notices.php on line 498
[18-Dec-2019 15:41:18 UTC] PHP Notice:  Trying to get property of non-object in /home/.sites/123/site2589172/web/testPage/wp-content/themes/robolist-lite/job_manager/job-submit.php on line 42
[18-Dec-2019 15:41:20 UTC] PHP Warning:  printf(): Too few arguments in /home/.sites/123/site2589172/web/testPage/wp-content/plugins/ultimate-member/includes/admin/core/class-admin-notices.php on line 498
[18-Dec-2019 15:41:39 UTC] PHP Notice:  Undefined index: job_description in /home/.sites/123/site2589172/web/testPage/wp-content/plugins/wp-job-manager/includes/forms/class-wp-job-manager-form-submit-job.php on line 676
[18-Dec-2019 15:41:39 UTC] WordPress-Datenbank-Fehler Column 'post_content' cannot be null für Abfrage INSERT INTO `wp_posts` (`post_author`, `post_date`, `post_date_gmt`, `post_content`, `post_content_filtered`, `post_title`, `post_excerpt`, `post_status`, `post_type`, `comment_status`, `ping_status`, `post_password`, `post_name`, `to_ping`, `pinged`, `post_modified`, `post_modified_gmt`, `post_parent`, `menu_order`, `post_mime_type`, `guid`) VALUES (1, '2019-12-18 16:41:39', '2019-12-18 15:41:39', NULL, '', '123', '', 'preview', 'job_listing', 'closed', 'closed', '', '123-123', '', '', '2019-12-18 16:41:39', '2019-12-18 15:41:39', 0, 0, '', '') von require('wp-blog-header.php'), wp, WP->main, do_action_ref_array('wp'), WP_Hook->do_action, WP_Hook->apply_filters, call_user_func_array, WP_Job_Manager_Form->process, call_user_func, WP_Job_Manager_Form_Submit_Job->submit_handler, WP_Job_Manager_Form_Submit_Job->save_job, wp_insert_post
[18-Dec-2019 15:41:41 UTC] PHP Warning:  printf(): Too few arguments in /home/.sites/123/site2589172/web/testPage/wp-content/plugins/ultimate-member/includes/admin/core/class-admin-notices.php on line 498
[18-Dec-2019 15:41:51 UTC] PHP Notice:  Trying to get property of non-object in /home/.sites/123/site2589172/web/testPage/wp-content/plugins/ultimate-member/includes/core/um-actions-profile.php on line 1074
[18-Dec-2019 15:41:52 UTC] PHP Notice:  Trying to get property of non-object in /home/.sites/123/site2589172/web/testPage/wp-content/themes/robolist-lite/job_manager/job-preview.php on line 284
[18-Dec-2019 15:41:54 UTC] PHP Warning:  printf(): Too few arguments in /home/.sites/123/site2589172/web/testPage/wp-content/plugins/ultimate-member/includes/admin/core/class-admin-notices.php on line 498
[18-Dec-2019 15:41:55 UTC] PHP Warning:  printf(): Too few arguments in /home/.sites/123/site2589172/web/testPage/wp-content/plugins/ultimate-member/includes/admin/core/class-admin-notices.php on line 498
[18-Dec-2019 15:41:59 UTC] PHP Warning:  printf(): Too few arguments in /home/.sites/123/site2589172/web/testPage/wp-content/plugins/ultimate-member/includes/admin/core/class-admin-notices.php on line 498
[18-Dec-2019 15:42:36 UTC] PHP Warning:  printf(): Too few arguments in /home/.sites/123/site2589172/web/testPage/wp-content/plugins/ultimate-member/includes/admin/core/class-admin-notices.php on line 498
[18-Dec-2019 15:42:41 UTC] PHP Warning:  printf(): Too few arguments in /home/.sites/123/site2589172/web/testPage/wp-content/plugins/ultimate-member/includes/admin/core/class-admin-notices.php on line 498
[18-Dec-2019 15:42:44 UTC] PHP Notice:  Trying to get property of non-object in /home/.sites/123/site2589172/web/testPage/wp-content/plugins/ultimate-member/includes/core/um-actions-profile.php on line 1074
[18-Dec-2019 15:42:46 UTC] PHP Warning:  printf(): Too few arguments in /home/.sites/123/site2589172/web/testPage/wp-content/plugins/ultimate-member/includes/admin/core/class-admin-notices.php on line 498
[18-Dec-2019 15:42:49 UTC] PHP Notice:  Trying to get property of non-object in /home/.sites/123/site2589172/web/testPage/wp-content/themes/robolist-lite/job_manager/job-submit.php on line 42
[18-Dec-2019 15:42:50 UTC] PHP Warning:  printf(): Too few arguments in /home/.sites/123/site2589172/web/testPage/wp-content/plugins/ultimate-member/includes/admin/core/class-admin-notices.php on line 498
[18-Dec-2019 15:42:52 UTC] PHP Notice:  Trying to get property of non-object in /home/.sites/123/site2589172/web/testPage/wp-content/themes/robolist-lite/job_manager/job-submit.php on line 42
[18-Dec-2019 15:42:54 UTC] PHP Warning:  printf(): Too few arguments in /home/.sites/123/site2589172/web/testPage/wp-content/plugins/ultimate-member/includes/admin/core/class-admin-notices.php on line 498
[18-Dec-2019 15:43:08 UTC] PHP Notice:  Undefined index: job_description in /home/.sites/123/site2589172/web/testPage/wp-content/plugins/wp-job-manager/includes/forms/class-wp-job-manager-form-submit-job.php on line 676
[18-Dec-2019 15:43:08 UTC] WordPress-Datenbank-Fehler Column 'post_content' cannot be null für Abfrage INSERT INTO `wp_posts` (`post_author`, `post_date`, `post_date_gmt`, `post_content`, `post_content_filtered`, `post_title`, `post_excerpt`, `post_status`, `post_type`, `comment_status`, `ping_status`, `post_password`, `post_name`, `to_ping`, `pinged`, `post_modified`, `post_modified_gmt`, `post_parent`, `menu_order`, `post_mime_type`, `guid`) VALUES (1, '2019-12-18 16:43:08', '2019-12-18 15:43:08', NULL, '', 'Moj testni', '', 'preview', 'job_listing', 'closed', 'closed', '', '33-moj-testni', '', '', '2019-12-18 16:43:08', '2019-12-18 15:43:08', 0, 0, '', '') von require('wp-blog-header.php'), wp, WP->main, do_action_ref_array('wp'), WP_Hook->do_action, WP_Hook->apply_filters, call_user_func_array, WP_Job_Manager_Form->process, call_user_func, WP_Job_Manager_Form_Submit_Job->submit_handler, WP_Job_Manager_Form_Submit_Job->save_job, wp_insert_post
[18-Dec-2019 15:43:11 UTC] PHP Warning:  printf(): Too few arguments in /home/.sites/123/site2589172/web/testPage/wp-content/plugins/ultimate-member/includes/admin/core/class-admin-notices.php on line 498
[18-Dec-2019 15:43:15 UTC] PHP Notice:  Trying to get property of non-object in /home/.sites/123/site2589172/web/testPage/wp-content/plugins/ultimate-member/includes/core/um-actions-profile.php on line 1074
[18-Dec-2019 15:43:17 UTC] PHP Warning:  printf(): Too few arguments in /home/.sites/123/site2589172/web/testPage/wp-content/plugins/ultimate-member/includes/admin/core/class-admin-notices.php on line 498
[18-Dec-2019 15:43:23 UTC] PHP Warning:  printf(): Too few arguments in /home/.sites/123/site2589172/web/testPage/wp-content/plugins/ultimate-member/includes/admin/core/class-admin-notices.php on line 498
[18-Dec-2019 15:43:25 UTC] PHP Warning:  printf(): Too few arguments in /home/.sites/123/site2589172/web/testPage/wp-content/plugins/ultimate-member/includes/admin/core/class-admin-notices.php on line 498
[18-Dec-2019 15:43:28 UTC] PHP Notice:  Trying to get property of non-object in /home/.sites/123/site2589172/web/testPage/wp-content/themes/robolist-lite/job_manager/job-submit.php on line 42
[18-Dec-2019 15:43:31 UTC] PHP Warning:  printf(): Too few arguments in /home/.sites/123/site2589172/web/testPage/wp-content/plugins/ultimate-member/includes/admin/core/class-admin-notices.php on line 498
[18-Dec-2019 15:43:41 UTC] PHP Notice:  Trying to get property of non-object in /home/.sites/123/site2589172/web/testPage/wp-content/themes/robolist-lite/job_manager/job-submit.php on line 42
[18-Dec-2019 15:43:41 UTC] PHP Notice:  Trying to get property of non-object in /home/.sites/123/site2589172/web/testPage/wp-content/themes/robolist-lite/job_manager/job-preview.php on line 284
[18-Dec-2019 15:43:44 UTC] PHP Warning:  printf(): Too few arguments in /home/.sites/123/site2589172/web/testPage/wp-content/plugins/ultimate-member/includes/admin/core/class-admin-notices.php on line 498
[18-Dec-2019 15:43:44 UTC] PHP Warning:  printf(): Too few arguments in /home/.sites/123/site2589172/web/testPage/wp-content/plugins/ultimate-member/includes/admin/core/class-admin-notices.php on line 498
[18-Dec-2019 15:44:00 UTC] PHP Notice:  Array to string conversion in /home/.sites/123/site2589172/web/testPage/wp-content/themes/robolist-lite/job_manager/job-preview.php on line 129
[18-Dec-2019 15:44:00 UTC] PHP Notice:  Trying to get property of non-object in /home/.sites/123/site2589172/web/testPage/wp-content/themes/robolist-lite/job_manager/job-preview.php on line 284
[18-Dec-2019 15:44:01 UTC] PHP Warning:  printf(): Too few arguments in /home/.sites/123/site2589172/web/testPage/wp-content/plugins/ultimate-member/includes/admin/core/class-admin-notices.php on line 498
[18-Dec-2019 15:44:26 UTC] PHP Notice:  Undefined index: role in /home/.sites/123/site2589172/web/testPage/wp-content/themes/robolist-lite/lib/robolist-lite-functions.php on line 223
[18-Dec-2019 15:44:26 UTC] PHP Notice:  Undefined index: role in /home/.sites/123/site2589172/web/testPage/wp-content/themes/robolist-lite/lib/robolist-lite-functions.php on line 284
[18-Dec-2019 15:44:28 UTC] PHP Warning:  printf(): Too few arguments in /home/.sites/123/site2589172/web/testPage/wp-content/plugins/ultimate-member/includes/admin/core/class-admin-notices.php on line 498
[18-Dec-2019 15:44:52 UTC] PHP Warning:  printf(): Too few arguments in /home/.sites/123/site2589172/web/testPage/wp-content/plugins/ultimate-member/includes/admin/core/class-admin-notices.php on line 498
[18-Dec-2019 15:44:58 UTC] PHP Warning:  printf(): Too few arguments in /home/.sites/123/site2589172/web/testPage/wp-content/plugins/ultimate-member/includes/admin/core/class-admin-notices.php on line 498
[18-Dec-2019 15:45:12 UTC] PHP Notice:  Undefined index: role in /home/.sites/123/site2589172/web/testPage/wp-content/themes/robolist-lite/lib/robolist-lite-functions.php on line 223
[18-Dec-2019 15:45:12 UTC] PHP Notice:  Undefined index: role in /home/.sites/123/site2589172/web/testPage/wp-content/themes/robolist-lite/lib/robolist-lite-functions.php on line 284
[18-Dec-2019 15:45:12 UTC] PHP Notice:  Undefined index: job_description in /home/.sites/123/site2589172/web/testPage/wp-content/plugins/wp-job-manager/includes/forms/class-wp-job-manager-form-submit-job.php on line 676
[18-Dec-2019 15:45:13 UTC] PHP Notice:  Undefined index: role in /home/.sites/123/site2589172/web/testPage/wp-content/themes/robolist-lite/job_manager/job-preview.php on line 108
[18-Dec-2019 15:45:14 UTC] PHP Warning:  printf(): Too few arguments in /home/.sites/123/site2589172/web/testPage/wp-content/plugins/ultimate-member/includes/admin/core/class-admin-notices.php on line 498
[18-Dec-2019 15:45:20 UTC] PHP Warning:  printf(): Too few arguments in /home/.sites/123/site2589172/web/testPage/wp-content/plugins/ultimate-member/includes/admin/core/class-admin-notices.php on line 498
[18-Dec-2019 15:45:31 UTC] PHP Warning:  printf(): Too few arguments in /home/.sites/123/site2589172/web/testPage/wp-content/plugins/ultimate-member/includes/admin/core/class-admin-notices.php on line 498
[18-Dec-2019 15:47:12 UTC] PHP Warning:  printf(): Too few arguments in /home/.sites/123/site2589172/web/testPage/wp-content/plugins/ultimate-member/includes/admin/core/class-admin-notices.php on line 498
[18-Dec-2019 15:47:18 UTC] PHP Warning:  printf(): Too few arguments in /home/.sites/123/site2589172/web/testPage/wp-content/plugins/ultimate-member/includes/admin/core/class-admin-notices.php on line 498
[18-Dec-2019 15:49:16 UTC] PHP Warning:  printf(): Too few arguments in /home/.sites/123/site2589172/web/testPage/wp-content/plugins/ultimate-member/includes/admin/core/class-admin-notices.php on line 498
[18-Dec-2019 15:53:53 UTC] PHP Warning:  printf(): Too few arguments in /home/.sites/123/site2589172/web/testPage/wp-content/plugins/ultimate-member/includes/admin/core/class-admin-notices.php on line 498
[18-Dec-2019 16:15:03 UTC] PHP Warning:  printf(): Too few arguments in /home/.sites/123/site2589172/web/testPage/wp-content/plugins/ultimate-member/includes/admin/core/class-admin-notices.php on line 498
[18-Dec-2019 16:15:07 UTC] PHP Warning:  printf(): Too few arguments in /home/.sites/123/site2589172/web/testPage/wp-content/plugins/ultimate-member/includes/admin/core/class-admin-notices.php on line 498
[18-Dec-2019 16:15:12 UTC] PHP Warning:  printf(): Too few arguments in /home/.sites/123/site2589172/web/testPage/wp-content/plugins/ultimate-member/includes/admin/core/class-admin-notices.php on line 498
[18-Dec-2019 16:17:29 UTC] PHP Warning:  printf(): Too few arguments in /home/.sites/123/site2589172/web/testPage/wp-content/plugins/ultimate-member/includes/admin/core/class-admin-notices.php on line 498
[18-Dec-2019 16:17:31 UTC] PHP Warning:  printf(): Too few arguments in /home/.sites/123/site2589172/web/testPage/wp-content/plugins/ultimate-member/includes/admin/core/class-admin-notices.php on line 498
[18-Dec-2019 16:18:32 UTC] PHP Warning:  printf(): Too few arguments in /home/.sites/123/site2589172/web/testPage/wp-content/plugins/ultimate-member/includes/admin/core/class-admin-notices.php on line 498
[18-Dec-2019 16:19:16 UTC] PHP Warning:  printf(): Too few arguments in /home/.sites/123/site2589172/web/testPage/wp-content/plugins/ultimate-member/includes/admin/core/class-admin-notices.php on line 498
[18-Dec-2019 16:24:14 UTC] PHP Warning:  printf(): Too few arguments in /home/.sites/123/site2589172/web/testPage/wp-content/plugins/ultimate-member/includes/admin/core/class-admin-notices.php on line 498
[18-Dec-2019 16:24:19 UTC] PHP Warning:  printf(): Too few arguments in /home/.sites/123/site2589172/web/testPage/wp-content/plugins/ultimate-member/includes/admin/core/class-admin-notices.php on line 498
[18-Dec-2019 16:26:26 UTC] PHP Warning:  printf(): Too few arguments in /home/.sites/123/site2589172/web/testPage/wp-content/plugins/ultimate-member/includes/admin/core/class-admin-notices.php on line 498
[18-Dec-2019 16:26:32 UTC] PHP Warning:  printf(): Too few arguments in /home/.sites/123/site2589172/web/testPage/wp-content/plugins/ultimate-member/includes/admin/core/class-admin-notices.php on line 498
[18-Dec-2019 16:26:42 UTC] PHP Warning:  printf(): Too few arguments in /home/.sites/123/site2589172/web/testPage/wp-content/plugins/ultimate-member/includes/admin/core/class-admin-notices.php on line 498
[18-Dec-2019 16:27:12 UTC] PHP Warning:  printf(): Too few arguments in /home/.sites/123/site2589172/web/testPage/wp-content/plugins/ultimate-member/includes/admin/core/class-admin-notices.php on line 498
[18-Dec-2019 16:29:38 UTC] PHP Warning:  printf(): Too few arguments in /home/.sites/123/site2589172/web/testPage/wp-content/plugins/ultimate-member/includes/admin/core/class-admin-notices.php on line 498
[18-Dec-2019 16:30:29 UTC] PHP Warning:  printf(): Too few arguments in /home/.sites/123/site2589172/web/testPage/wp-content/plugins/ultimate-member/includes/admin/core/class-admin-notices.php on line 498
[18-Dec-2019 16:31:54 UTC] PHP Warning:  printf(): Too few arguments in /home/.sites/123/site2589172/web/testPage/wp-content/plugins/ultimate-member/includes/admin/core/class-admin-notices.php on line 498
[18-Dec-2019 16:32:17 UTC] PHP Warning:  printf(): Too few arguments in /home/.sites/123/site2589172/web/testPage/wp-content/plugins/ultimate-member/includes/admin/core/class-admin-notices.php on line 498
[18-Dec-2019 16:33:02 UTC] PHP Warning:  printf(): Too few arguments in /home/.sites/123/site2589172/web/testPage/wp-content/plugins/ultimate-member/includes/admin/core/class-admin-notices.php on line 498
[18-Dec-2019 16:33:18 UTC] PHP Warning:  printf(): Too few arguments in /home/.sites/123/site2589172/web/testPage/wp-content/plugins/ultimate-member/includes/admin/core/class-admin-notices.php on line 498
[18-Dec-2019 16:33:42 UTC] PHP Warning:  printf(): Too few arguments in /home/.sites/123/site2589172/web/testPage/wp-content/plugins/ultimate-member/includes/admin/core/class-admin-notices.php on line 498
[18-Dec-2019 16:33:56 UTC] PHP Warning:  printf(): Too few arguments in /home/.sites/123/site2589172/web/testPage/wp-content/plugins/ultimate-member/includes/admin/core/class-admin-notices.php on line 498
[18-Dec-2019 16:42:25 UTC] PHP Warning:  printf(): Too few arguments in /home/.sites/123/site2589172/web/testPage/wp-content/plugins/ultimate-member/includes/admin/core/class-admin-notices.php on line 498
[18-Dec-2019 16:42:53 UTC] PHP Warning:  printf(): Too few arguments in /home/.sites/123/site2589172/web/testPage/wp-content/plugins/ultimate-member/includes/admin/core/class-admin-notices.php on line 498
[18-Dec-2019 16:44:49 UTC] PHP Warning:  printf(): Too few arguments in /home/.sites/123/site2589172/web/testPage/wp-content/plugins/ultimate-member/includes/admin/core/class-admin-notices.php on line 498
[18-Dec-2019 16:45:13 UTC] PHP Warning:  printf(): Too few arguments in /home/.sites/123/site2589172/web/testPage/wp-content/plugins/ultimate-member/includes/admin/core/class-admin-notices.php on line 498
[18-Dec-2019 16:45:31 UTC] PHP Warning:  printf(): Too few arguments in /home/.sites/123/site2589172/web/testPage/wp-content/plugins/ultimate-member/includes/admin/core/class-admin-notices.php on line 498
[18-Dec-2019 16:45:39 UTC] PHP Warning:  printf(): Too few arguments in /home/.sites/123/site2589172/web/testPage/wp-content/plugins/ultimate-member/includes/admin/core/class-admin-notices.php on line 498
[18-Dec-2019 16:45:59 UTC] PHP Warning:  printf(): Too few arguments in /home/.sites/123/site2589172/web/testPage/wp-content/plugins/ultimate-member/includes/admin/core/class-admin-notices.php on line 498
[18-Dec-2019 16:46:04 UTC] PHP Warning:  printf(): Too few arguments in /home/.sites/123/site2589172/web/testPage/wp-content/plugins/ultimate-member/includes/admin/core/class-admin-notices.php on line 498
[18-Dec-2019 16:46:29 UTC] PHP Warning:  printf(): Too few arguments in /home/.sites/123/site2589172/web/testPage/wp-content/plugins/ultimate-member/includes/admin/core/class-admin-notices.php on line 498
[18-Dec-2019 16:46:57 UTC] PHP Warning:  printf(): Too few arguments in /home/.sites/123/site2589172/web/testPage/wp-content/plugins/ultimate-member/includes/admin/core/class-admin-notices.php on line 498
[18-Dec-2019 16:47:02 UTC] PHP Warning:  printf(): Too few arguments in /home/.sites/123/site2589172/web/testPage/wp-content/plugins/ultimate-member/includes/admin/core/class-admin-notices.php on line 498
[18-Dec-2019 16:52:11 UTC] PHP Warning:  printf(): Too few arguments in /home/.sites/123/site2589172/web/testPage/wp-content/plugins/ultimate-member/includes/admin/core/class-admin-notices.php on line 498
[18-Dec-2019 17:07:13 UTC] PHP Warning:  printf(): Too few arguments in /home/.sites/123/site2589172/web/testPage/wp-content/plugins/ultimate-member/includes/admin/core/class-admin-notices.php on line 498
[18-Dec-2019 17:07:19 UTC] PHP Warning:  printf(): Too few arguments in /home/.sites/123/site2589172/web/testPage/wp-content/plugins/ultimate-member/includes/admin/core/class-admin-notices.php on line 498
[18-Dec-2019 17:08:20 UTC] PHP Warning:  printf(): Too few arguments in /home/.sites/123/site2589172/web/testPage/wp-content/plugins/ultimate-member/includes/admin/core/class-admin-notices.php on line 498
[18-Dec-2019 17:09:47 UTC] PHP Warning:  printf(): Too few arguments in /home/.sites/123/site2589172/web/testPage/wp-content/plugins/ultimate-member/includes/admin/core/class-admin-notices.php on line 498
[18-Dec-2019 17:09:51 UTC] PHP Warning:  printf(): Too few arguments in /home/.sites/123/site2589172/web/testPage/wp-content/plugins/ultimate-member/includes/admin/core/class-admin-notices.php on line 498
[18-Dec-2019 17:14:09 UTC] PHP Warning:  printf(): Too few arguments in /home/.sites/123/site2589172/web/testPage/wp-content/plugins/ultimate-member/includes/admin/core/class-admin-notices.php on line 498
[18-Dec-2019 17:21:01 UTC] PHP Warning:  printf(): Too few arguments in /home/.sites/123/site2589172/web/testPage/wp-content/plugins/ultimate-member/includes/admin/core/class-admin-notices.php on line 498
[18-Dec-2019 17:21:53 UTC] PHP Warning:  printf(): Too few arguments in /home/.sites/123/site2589172/web/testPage/wp-content/plugins/ultimate-member/includes/admin/core/class-admin-notices.php on line 498
[18-Dec-2019 17:29:08 UTC] PHP Warning:  printf(): Too few arguments in /home/.sites/123/site2589172/web/testPage/wp-content/plugins/ultimate-member/includes/admin/core/class-admin-notices.php on line 498
[18-Dec-2019 17:29:18 UTC] PHP Notice:  Undefined index: role in /home/.sites/123/site2589172/web/testPage/wp-content/themes/robolist-lite/lib/robolist-lite-functions.php on line 223
[18-Dec-2019 17:29:18 UTC] PHP Notice:  Undefined index: role in /home/.sites/123/site2589172/web/testPage/wp-content/themes/robolist-lite/lib/robolist-lite-functions.php on line 284
[18-Dec-2019 17:29:21 UTC] PHP Warning:  printf(): Too few arguments in /home/.sites/123/site2589172/web/testPage/wp-content/plugins/ultimate-member/includes/admin/core/class-admin-notices.php on line 498
[18-Dec-2019 17:29:47 UTC] PHP Warning:  printf(): Too few arguments in /home/.sites/123/site2589172/web/testPage/wp-content/plugins/ultimate-member/includes/admin/core/class-admin-notices.php on line 498
[18-Dec-2019 17:29:53 UTC] PHP Warning:  printf(): Too few arguments in /home/.sites/123/site2589172/web/testPage/wp-content/plugins/ultimate-member/includes/admin/core/class-admin-notices.php on line 498
[18-Dec-2019 17:35:27 UTC] PHP Warning:  printf(): Too few arguments in /home/.sites/123/site2589172/web/testPage/wp-content/plugins/ultimate-member/includes/admin/core/class-admin-notices.php on line 498
[18-Dec-2019 17:35:29 UTC] PHP Notice:  Undefined index: role in /home/.sites/123/site2589172/web/testPage/wp-content/themes/robolist-lite/lib/robolist-lite-functions.php on line 223
[18-Dec-2019 17:35:29 UTC] PHP Notice:  Undefined index: role in /home/.sites/123/site2589172/web/testPage/wp-content/themes/robolist-lite/lib/robolist-lite-functions.php on line 284
[18-Dec-2019 17:35:31 UTC] PHP Warning:  printf(): Too few arguments in /home/.sites/123/site2589172/web/testPage/wp-content/plugins/ultimate-member/includes/admin/core/class-admin-notices.php on line 498
[18-Dec-2019 17:35:36 UTC] PHP Notice:  Undefined index: role in /home/.sites/123/site2589172/web/testPage/wp-content/themes/robolist-lite/lib/robolist-lite-functions.php on line 223
[18-Dec-2019 17:35:36 UTC] PHP Notice:  Undefined index: role in /home/.sites/123/site2589172/web/testPage/wp-content/themes/robolist-lite/lib/robolist-lite-functions.php on line 284
[18-Dec-2019 17:35:36 UTC] PHP Notice:  Undefined index: job_description in /home/.sites/123/site2589172/web/testPage/wp-content/plugins/wp-job-manager/includes/forms/class-wp-job-manager-form-edit-job.php on line 191
[18-Dec-2019 17:35:38 UTC] PHP Warning:  printf(): Too few arguments in /home/.sites/123/site2589172/web/testPage/wp-content/plugins/ultimate-member/includes/admin/core/class-admin-notices.php on line 498
[18-Dec-2019 17:35:41 UTC] PHP Warning:  printf(): Too few arguments in /home/.sites/123/site2589172/web/testPage/wp-content/plugins/ultimate-member/includes/admin/core/class-admin-notices.php on line 498
[18-Dec-2019 17:35:45 UTC] PHP Warning:  printf(): Too few arguments in /home/.sites/123/site2589172/web/testPage/wp-content/plugins/ultimate-member/includes/admin/core/class-admin-notices.php on line 498
[18-Dec-2019 17:36:01 UTC] PHP Warning:  printf(): Too few arguments in /home/.sites/123/site2589172/web/testPage/wp-content/plugins/ultimate-member/includes/admin/core/class-admin-notices.php on line 498
[18-Dec-2019 17:36:02 UTC] PHP Warning:  printf(): Too few arguments in /home/.sites/123/site2589172/web/testPage/wp-content/plugins/ultimate-member/includes/admin/core/class-admin-notices.php on line 498
[18-Dec-2019 17:36:02 UTC] PHP Notice:  Undefined index: role in /home/.sites/123/site2589172/web/testPage/wp-content/themes/robolist-lite/lib/robolist-lite-functions.php on line 223
[18-Dec-2019 17:36:02 UTC] PHP Notice:  Undefined index: role in /home/.sites/123/site2589172/web/testPage/wp-content/themes/robolist-lite/lib/robolist-lite-functions.php on line 284
[18-Dec-2019 17:36:04 UTC] PHP Warning:  printf(): Too few arguments in /home/.sites/123/site2589172/web/testPage/wp-content/plugins/ultimate-member/includes/admin/core/class-admin-notices.php on line 498
[18-Dec-2019 17:36:06 UTC] PHP Warning:  printf(): Too few arguments in /home/.sites/123/site2589172/web/testPage/wp-content/plugins/ultimate-member/includes/admin/core/class-admin-notices.php on line 498
[18-Dec-2019 17:36:32 UTC] PHP Warning:  printf(): Too few arguments in /home/.sites/123/site2589172/web/testPage/wp-content/plugins/ultimate-member/includes/admin/core/class-admin-notices.php on line 498
[18-Dec-2019 17:38:13 UTC] PHP Warning:  printf(): Too few arguments in /home/.sites/123/site2589172/web/testPage/wp-content/plugins/ultimate-member/includes/admin/core/class-admin-notices.php on line 498
[18-Dec-2019 17:38:23 UTC] PHP Warning:  printf(): Too few arguments in /home/.sites/123/site2589172/web/testPage/wp-content/plugins/ultimate-member/includes/admin/core/class-admin-notices.php on line 498
[18-Dec-2019 17:38:27 UTC] PHP Warning:  printf(): Too few arguments in /home/.sites/123/site2589172/web/testPage/wp-content/plugins/ultimate-member/includes/admin/core/class-admin-notices.php on line 498
[18-Dec-2019 17:38:40 UTC] PHP Warning:  printf(): Too few arguments in /home/.sites/123/site2589172/web/testPage/wp-content/plugins/ultimate-member/includes/admin/core/class-admin-notices.php on line 498
[18-Dec-2019 17:38:43 UTC] PHP Warning:  printf(): Too few arguments in /home/.sites/123/site2589172/web/testPage/wp-content/plugins/ultimate-member/includes/admin/core/class-admin-notices.php on line 498
[18-Dec-2019 17:38:46 UTC] PHP Warning:  printf(): Too few arguments in /home/.sites/123/site2589172/web/testPage/wp-content/plugins/ultimate-member/includes/admin/core/class-admin-notices.php on line 498
[18-Dec-2019 17:38:50 UTC] PHP Warning:  printf(): Too few arguments in /home/.sites/123/site2589172/web/testPage/wp-content/plugins/ultimate-member/includes/admin/core/class-admin-notices.php on line 498
[18-Dec-2019 17:39:21 UTC] PHP Warning:  printf(): Too few arguments in /home/.sites/123/site2589172/web/testPage/wp-content/plugins/ultimate-member/includes/admin/core/class-admin-notices.php on line 498
[18-Dec-2019 17:39:46 UTC] PHP Warning:  printf(): Too few arguments in /home/.sites/123/site2589172/web/testPage/wp-content/plugins/ultimate-member/includes/admin/core/class-admin-notices.php on line 498
[18-Dec-2019 17:40:00 UTC] PHP Warning:  printf(): Too few arguments in /home/.sites/123/site2589172/web/testPage/wp-content/plugins/ultimate-member/includes/admin/core/class-admin-notices.php on line 498
[18-Dec-2019 17:40:03 UTC] PHP Warning:  printf(): Too few arguments in /home/.sites/123/site2589172/web/testPage/wp-content/plugins/ultimate-member/includes/admin/core/class-admin-notices.php on line 498
[18-Dec-2019 17:40:05 UTC] PHP Warning:  printf(): Too few arguments in /home/.sites/123/site2589172/web/testPage/wp-content/plugins/ultimate-member/includes/admin/core/class-admin-notices.php on line 498
