02-12-2020 @ 22:20:59 - 3.0.1 upgrade complete from Subscriptions v0 while WooCommerce WC_VERSION 3.9.1 and database version 3.9.1 was active.
02-12-2020 @ 22:20:59 - Environment info:
02-12-2020 @ 22:20:59 -     WordPress Version : 5.3.2
02-12-2020 @ 22:20:59 - Active Plugins:
02-12-2020 @ 22:20:59 -     Comments Ratings by PixelGrade – 1.1.6
02-12-2020 @ 22:20:59 -     Contact Form 7 by Takayuki Miyoshi – 5.1.5
02-12-2020 @ 22:20:59 -     GDPR Cookie Consent by WebToffee – 1.8.2
02-12-2020 @ 22:20:59 -     Simple Custom CSS and JS by SilkyPress.com – 3.28
02-12-2020 @ 22:20:59 -     Favorites by Kyle Phillips – 2.3.1
02-12-2020 @ 22:20:59 -     Jetpack by WordPress.com by Automattic – 7.9.1
02-12-2020 @ 22:20:59 -     Mailchimp for WooCommerce by Mailchimp – 2.3.1
02-12-2020 @ 22:20:59 -     Mollie Payments for WooCommerce by Mollie – 5.4.2
02-12-2020 @ 22:20:59 -     One Click Demo Import by ProteusThemes – 2.5.2
02-12-2020 @ 22:20:59 -     Paid Memberships Pro by Stranger Studios – 2.1.4
02-12-2020 @ 22:20:59 -     Really Simple SSL by Rogier Lankhorst, Mark Wolters – 3.2.8
02-12-2020 @ 22:20:59 -     Smart Slider 3 by Nextend – 3.3.25
02-12-2020 @ 22:20:59 -     WP Simple Pay Lite by Sandhills Development, LLC – 2.3.3
02-12-2020 @ 22:20:59 -     TranslatePress - Multilingual by Cozmoslabs, Razvan Mocanu, Madalin Ungureanu, Cristophor Hurduban – 1.6.1
02-12-2020 @ 22:20:59 -     Ultimate Member by Ultimate Member – 2.1.1
02-12-2020 @ 22:20:59 -     Velvet Blues Update URLs by VelvetBlues.com – 3.2.9
02-12-2020 @ 22:20:59 -     WooCommerce PayPal Checkout Gateway by WooCommerce – 1.6.19
02-12-2020 @ 22:20:59 -     WooCommerce Stripe Gateway by WooCommerce – 4.3.1
02-12-2020 @ 22:20:59 -     WooCommerce Subscriptions by WooCommerce – 3.0.1
02-12-2020 @ 22:20:59 -     WooCommerce by Automattic – 3.9.1
02-12-2020 @ 22:20:59 -     WP Job Manager by Automattic – 1.34.1
